Arguments: 
  C:\Program Files\nodejs\node.exe C:\Users\Ahsan Ismail\AppData\Roaming\npm\node_modules\yarn\bin\yarn.js

PATH: 
  C:\Python39\Scripts\;C:\Python39\;C:\Windows\system32;C:\Windows;C:\Windows\System32\Wbem;C:\Windows\System32\WindowsPowerShell\v1.0\;C:\ProgramData\chocolatey\bin;C:\Program Files\dotnet\;C:\Program Files\Microsoft SQL Server\130\Tools\Binn\;C:\Program Files\Microsoft SQL Server\Client SDK\ODBC\170\Tools\Binn\;C:\Program Files\Microsoft SQL Server\Client SDK\ODBC\110\Tools\Binn\;C:\Program Files (x86)\Microsoft SQL Server\120\Tools\Binn\;C:\Program Files\Microsoft SQL Server\120\Tools\Binn\;C:\Program Files\Microsoft SQL Server\120\DTS\Binn\;C:\Program Files (x86)\Microsoft SQL Server\120\Tools\Binn\ManagementStudio\;C:\Program Files (x86)\Microsoft SQL Server\120\DTS\Binn\;C:\xampp\php;C:\ProgramData\ComposerSetup\bin;C:\Program Files\nodejs\;C:\Program Files\OpenJDK\openjdk-8u292-b10\bin;C:\Users\Ahsan Ismail\AppData\Local\Programs\Microsoft VS Code\bin;C:\Users\Ahsan Ismail\.dotnet\tools;C:\Users\Ahsan Ismail\AppData\Roaming\Composer\vendor\bin;C:\Users\Ahsan Ismail\AppData\Roaming\npm;C:\Users\Ahsan Ismail\AppData\Local\Android\Sdk\platform-tools

Yarn version: 
  1.22.10

Node version: 
  16.4.2

Platform: 
  win32 x64

Trace: 
  Error: getaddrinfo ENOTFOUND registry.yarnpkg.com
      at GetAddrInfoReqWrap.onlookup [as oncomplete] (node:dns:71:26)

npm manifest: 
  {
    "name": "eshop",
    "version": "1.0.0",
    "description": "backend of the eshop",
    "main": "app.js",
    "scripts": {
      "start": "nodemon app.js",
      "test": "echo \"Error: no test specified\" && exit 1"
    },
    "author": "",
    "license": "ISC",
    "dependencies": {
      "bcryptjs": "^2.4.3",
      "body-parser": "^1.19.0",
      "cors": "^2.8.5",
      "dotenv": "^8.2.0",
      "express": "^4.17.1",
      "express-jwt": "^6.0.0",
      "jsonwebtoken": "^8.5.1",
      "mongoose": "^5.10.19",
      "morgan": "^1.10.0",
      "multer": "^1.4.2",
      "nodemon": "^2.0.6"
    }
  }

yarn manifest: 
  No manifest

Lockfile: 
  No lockfile
